This is XeTeX, Version 3.141592653-2.6-0.999994 (TeX Live 2022) (preloaded format=xelatex 2022.8.11)  29 DEC 2022 05:26
entering extended mode
 restricted \write18 enabled.
 file:line:error style messages enabled.
 %&-line parsing enabled.
**main.tex
(./main.tex
LaTeX2e <2022-06-01> patch level 5
L3 programming layer <2022-08-05>
(/usr/local/texlive/2022/texmf-dist/tex/latex/base/article.cls
Document Class: article 2021/10/04 v1.4n Standard LaTeX document class
(/usr/local/texlive/2022/texmf-dist/tex/latex/base/size10.clo
File: size10.clo 2021/10/04 v1.4n Standard LaTeX file (size option)
)
\c@part=\count181
\c@section=\count182
\c@subsection=\count183
\c@subsubsection=\count184
\c@paragraph=\count185
\c@subparagraph=\count186
\c@figure=\count187
\c@table=\count188
\abovecaptionskip=\skip47
\belowcaptionskip=\skip48
\bibindent=\dimen138
)
(/usr/local/texlive/2022/texmf-dist/tex/latex/graphics/graphicx.sty
Package: graphicx 2021/09/16 v1.2d Enhanced LaTeX Graphics (DPC,SPQR)

(/usr/local/texlive/2022/texmf-dist/tex/latex/graphics/keyval.sty
Package: keyval 2022/05/29 v1.15 key=value parser (DPC)
\KV@toks@=\toks16
)
(/usr/local/texlive/2022/texmf-dist/tex/latex/graphics/graphics.sty
Package: graphics 2022/03/10 v1.4e Standard LaTeX Graphics (DPC,SPQR)

(/usr/local/texlive/2022/texmf-dist/tex/latex/graphics/trig.sty
Package: trig 2021/08/11 v1.11 sin cos tan (DPC)
)
(/usr/local/texlive/2022/texmf-dist/tex/latex/graphics-cfg/graphics.cfg
File: graphics.cfg 2016/06/04 v1.11 sample graphics configuration
)
Package graphics Info: Driver file: xetex.def on input line 107.

(/usr/local/texlive/2022/texmf-dist/tex/latex/graphics-def/xetex.def
File: xetex.def 2022/04/16 v5.0m Graphics/color driver for xetex
))
\Gin@req@height=\dimen139
\Gin@req@width=\dimen140
)
(/usr/local/texlive/2022/texmf-dist/tex/latex/cjk-ko/kotex.sty
Package: kotex 2015/04/19 v1.6 Korean TeX (ko.TeX)

(/usr/local/texlive/2022/texmf-dist/tex/latex/kotex-utf/kotex.cfg)
(/usr/local/texlive/2022/texmf-dist/tex/xetex/xetexko/xetexko.sty
Package: xetexko 2022/03/18 v4.1 typesetting Korean with XeTeX
\XeTeXcharclassID=\XeTeXcharclass1
\XeTeXcharclassCJ=\XeTeXcharclass2
\XeTeXcharclassOP=\XeTeXcharclass3
\XeTeXcharclassCL=\XeTeXcharclass4
\XeTeXcharclassEX=\XeTeXcharclass5
\XeTeXcharclassCM=\XeTeXcharclass6

(/usr/local/texlive/2022/texmf-dist/tex/generic/unicode-data/load-unicode-xetex
-classes.tex 
load-unicode-xetex-classes.tex v1.15 (2021-09-15)
Reading Unicode east Asian character class data
# LineBreak-14.0.0.txt 
# Date: 2021-07-06, 09:58:55 GMT [KW, LI] 
# EastAsianWidth-14.0.0.txt 
# Date: 2021-07-06, 09:58:53 GMT [KW, LI] 
)
\XeTeXcharclassHG=\XeTeXcharclass7
\XeTeXcharclassJJ=\XeTeXcharclass8
\XeTeXcharclassMD=\XeTeXcharclass9
\XeTeXcharclassFS=\XeTeXcharclass10
\XeTeXcharclassLD=\XeTeXcharclass11
\XeTeXcharclassSY=\XeTeXcharclass12
\XeTeXcharclassAO=\XeTeXcharclass13
\XeTeXcharclassAC=\XeTeXcharclass14
\XeTeXcharclassAM=\XeTeXcharclass15
\XeTeXcharclassAH=\XeTeXcharclass16
\XeTeXcharclassAP=\XeTeXcharclass17
\XeTeXcharclassVC=\XeTeXcharclass18
\XeKo@toks@=\toks17
\XeKo@toks@ii=\toks18
\XeKo@skip@=\skip49
\XeKo@count@=\count189
\XeKo@dimen@=\dimen141
\XeKo@box@=\box51
\XeKo@dotemph@box=\box52
 (/usr/local/texlive/2022/texmf-dist/tex/latex/fontspec/fontspec.sty
(/usr/local/texlive/2022/texmf-dist/tex/latex/l3packages/xparse/xparse.sty
(/usr/local/texlive/2022/texmf-dist/tex/latex/l3kernel/expl3.sty
Package: expl3 2022-08-05 L3 programming layer (loader) 

(/usr/local/texlive/2022/texmf-dist/tex/latex/l3backend/l3backend-xetex.def
File: l3backend-xetex.def 2022-08-05 L3 backend support: XeTeX
\g__graphics_track_int=\count190
\l__pdf_internal_box=\box53
\g__pdf_backend_object_int=\count191
\g__pdf_backend_annotation_int=\count192
\g__pdf_backend_link_int=\count193
))
Package: xparse 2022-06-22 L3 Experimental document command parser
)
Package: fontspec 2022/01/15 v2.8a Font selection for XeLaTeX and LuaLaTeX

(/usr/local/texlive/2022/texmf-dist/tex/latex/fontspec/fontspec-xetex.sty
Package: fontspec-xetex 2022/01/15 v2.8a Font selection for XeLaTeX and LuaLaTe
X
\l__fontspec_script_int=\count194
\l__fontspec_language_int=\count195
\l__fontspec_strnum_int=\count196
\l__fontspec_tmp_int=\count197
\l__fontspec_tmpa_int=\count198
\l__fontspec_tmpb_int=\count199
\l__fontspec_tmpc_int=\count266
\l__fontspec_em_int=\count267
\l__fontspec_emdef_int=\count268
\l__fontspec_strong_int=\count269
\l__fontspec_strongdef_int=\count270
\l__fontspec_tmpa_dim=\dimen142
\l__fontspec_tmpb_dim=\dimen143
\l__fontspec_tmpc_dim=\dimen144

(/usr/local/texlive/2022/texmf-dist/tex/latex/base/fontenc.sty
Package: fontenc 2021/04/29 v2.0v Standard LaTeX package
)
(/usr/local/texlive/2022/texmf-dist/tex/latex/fontspec/fontspec.cfg)))
(/usr/local/texlive/2022/texmf-dist/tex/latex/cjk-ko/kolabels-utf.sty
Package: kolabels-utf 2015/03/20 v1.5 UTF-8 Hangul item labels
)))
(/usr/local/texlive/2022/texmf-dist/tex/latex/tabularray/tabularray.sty
Package: tabularray 2022-07-01 v2022C Typeset tabulars and arrays with LaTeX3
\l__tblr_a_int=\count271
\l__tblr_c_int=\count272
\l__tblr_r_int=\count273
\l__tblr_d_dim=\dimen145
\l__tblr_h_dim=\dimen146
\l__tblr_o_dim=\dimen147
\l__tblr_p_dim=\dimen148
\l__tblr_q_dim=\dimen149
\l__tblr_r_dim=\dimen150
\l__tblr_s_dim=\dimen151
\l__tblr_t_dim=\dimen152
\l__tblr_v_dim=\dimen153
\l__tblr_w_dim=\dimen154
\l__tblr_a_box=\box54
\l__tblr_b_box=\box55
\l__tblr_c_box=\box56
\l__tblr_d_box=\box57
\g__tblr_table_count_int=\count274
\c@rownum=\count275
\c@colnum=\count276
\c@rowcount=\count277
\c@colcount=\count278
\abovesep=\dimen155
\belowsep=\dimen156
\leftsep=\dimen157
\rightsep=\dimen158
\g_tblr_level_int=\count279
\g__tblr_data_row_key_count_int=\count280
\g__tblr_data_column_key_count_int=\count281
\g__tblr_data_cell_key_count_int=\count282
\g__tblr_array_int=\count283
\l__tblr_key_count_int=\count284
\l__tblr_key_quotient_int=\count285
\l__tblr_key_quotient_two_int=\count286
\l__tblr_key_remainder_int=\count287
\g__tblr_data_str_value_count_int=\count288
\rulewidth=\dimen159
\l__tblr_strut_dp_dim=\dimen160
\l__tblr_strut_ht_dim=\dimen161
\g__tblr_cell_wd_dim=\dimen162
\g__tblr_cell_ht_dim=\dimen163
\g__tblr_cell_head_dim=\dimen164
\g__tblr_cell_foot_dim=\dimen165
\l__column_target_dim=\dimen166
\l__tblr_caption_box=\box58
\l__tblr_caption_left_box=\box59
\l__tblr_row_head_box=\box60
\l__tblr_row_foot_box=\box61
\l__tblr_row_head_foot_dim=\dimen167
\tablewidth=\dimen168
\l__tblr_table_firsthead_box=\box62
\l__tblr_table_middlehead_box=\box63
\l__tblr_table_lasthead_box=\box64
\l__tblr_table_firstfoot_box=\box65
\l__tblr_table_middlefoot_box=\box66
\l__tblr_table_lastfoot_box=\box67
\l__tblr_remain_height_dim=\dimen169
\l__tblr_long_from_int=\count289
\l__tblr_long_to_int=\count290
\l__tblr_curr_i_int=\count291
\l__tblr_prev_i_int=\count292
\l__tblr_table_page_int=\count293
\l__tblr_table_head_box=\box68
\l__tblr_table_foot_box=\box69
\l__tblr_table_head_foot_dim=\dimen170
\l__tblr_table_head_body_foot_dim=\dimen171
\l__tblr_table_box=\box70
\l__tblr_table_hlines_box=\box71
\l__tblr_hline_box=\box72
\l__tblr_row_box=\box73
\l__tblr_col_o_wd_dim=\dimen172
\l__tblr_col_b_wd_dim=\dimen173
\l__tblr_hline_leftskip_dim=\dimen174
\l__tblr_hline_rightskip_dim=\dimen175
\l__tblr_row_ht_dim=\dimen176
\l__tblr_row_dp_dim=\dimen177
\l__tblr_row_abovesep_dim=\dimen178
\l__tblr_row_belowsep_dim=\dimen179
\l__tblr_row_vlines_box=\box74
\l__tblr_vline_box=\box75
\l__tblr_cell_box=\box76
\l__row_upper_dim=\dimen180
\l__row_lower_dim=\dimen181
\l__row_vpace_dim=\dimen182
\l__tblr_vline_aboveskip_dim=\dimen183
\l__tblr_vline_belowskip_dim=\dimen184
\l__tblr_cell_wd_dim=\dimen185
\l__tblr_cell_ht_dim=\dimen186
\l__tblr_diag_box=\box77
)
(/usr/local/texlive/2022/texmf-dist/tex/latex/booktabs/booktabs.sty
Package: booktabs 2020/01/12 v1.61803398 Publication quality tables
\heavyrulewidth=\dimen187
\lightrulewidth=\dimen188
\cmidrulewidth=\dimen189
\belowrulesep=\dimen190
\belowbottomsep=\dimen191
\aboverulesep=\dimen192
\abovetopsep=\dimen193
\cmidrulesep=\dimen194
\cmidrulekern=\dimen195
\defaultaddspace=\dimen196
\@cmidla=\count294
\@cmidlb=\count295
\@aboverulesep=\dimen197
\@belowrulesep=\dimen198
\@thisruleclass=\count296
\@lastruleclass=\count297
\@thisrulewidth=\dimen199
)
(/usr/local/texlive/2022/texmf-dist/tex/latex/etoolbox/etoolbox.sty
Package: etoolbox 2020/10/05 v2.5k e-TeX tools for LaTeX (JAW)
\etb@tempcnta=\count298
)
(/usr/local/texlive/2022/texmf-dist/tex/latex/listings/listings.sty
\lst@mode=\count299
\lst@gtempboxa=\box78
\lst@token=\toks19
\lst@length=\count300
\lst@currlwidth=\dimen256
\lst@column=\count301
\lst@pos=\count302
\lst@lostspace=\dimen257
\lst@width=\dimen258
\lst@newlines=\count303
\lst@lineno=\count304
\lst@maxwidth=\dimen259

(/usr/local/texlive/2022/texmf-dist/tex/latex/listings/lstmisc.sty
File: lstmisc.sty 2020/03/24 1.8d (Carsten Heinz)
\c@lstnumber=\count305
\lst@skipnumbers=\count306
\lst@framebox=\box79
)
(/usr/local/texlive/2022/texmf-dist/tex/latex/listings/listings.cfg
File: listings.cfg 2020/03/24 1.8d listings configuration
))
Package: listings 2020/03/24 1.8d (Carsten Heinz)

(/usr/local/texlive/2022/texmf-dist/tex/latex/amsfonts/amssymb.sty
Package: amssymb 2013/01/14 v3.01 AMS font symbols

(/usr/local/texlive/2022/texmf-dist/tex/latex/amsfonts/amsfonts.sty
Package: amsfonts 2013/01/14 v3.01 Basic AMSFonts support
\@emptytoks=\toks20
\symAMSa=\mathgroup4
\symAMSb=\mathgroup5
LaTeX Font Info:    Redeclaring math symbol \hbar on input line 98.
LaTeX Font Info:    Overwriting math alphabet `\mathfrak' in version `bold'
(Font)                  U/euf/m/n --> U/euf/b/n on input line 106.
))
(/usr/local/texlive/2022/texmf-dist/tex/latex/amsmath/amsmath.sty
Package: amsmath 2022/04/08 v2.17n AMS math features
\@mathmargin=\skip50

For additional information on amsmath, use the `?' option.
(/usr/local/texlive/2022/texmf-dist/tex/latex/amsmath/amstext.sty
Package: amstext 2021/08/26 v2.01 AMS text

(/usr/local/texlive/2022/texmf-dist/tex/latex/amsmath/amsgen.sty
File: amsgen.sty 1999/11/30 v2.0 generic functions
\@emptytoks=\toks21
\ex@=\dimen260
))
(/usr/local/texlive/2022/texmf-dist/tex/latex/amsmath/amsbsy.sty
Package: amsbsy 1999/11/29 v1.2d Bold Symbols
\pmbraise@=\dimen261
)
(/usr/local/texlive/2022/texmf-dist/tex/latex/amsmath/amsopn.sty
Package: amsopn 2022/04/08 v2.04 operator names
)
\inf@bad=\count307
LaTeX Info: Redefining \frac on input line 234.
\uproot@=\count308
\leftroot@=\count309
LaTeX Info: Redefining \overline on input line 399.
LaTeX Info: Redefining \colon on input line 410.
\classnum@=\count310
\DOTSCASE@=\count311
LaTeX Info: Redefining \ldots on input line 496.
LaTeX Info: Redefining \dots on input line 499.
LaTeX Info: Redefining \cdots on input line 620.
\Mathstrutbox@=\box80
\strutbox@=\box81
LaTeX Info: Redefining \big on input line 722.
LaTeX Info: Redefining \Big on input line 723.
LaTeX Info: Redefining \bigg on input line 724.
LaTeX Info: Redefining \Bigg on input line 725.
\big@size=\dimen262
LaTeX Font Info:    Redeclaring font encoding OML on input line 743.
LaTeX Font Info:    Redeclaring font encoding OMS on input line 744.
\macc@depth=\count312
LaTeX Info: Redefining \bmod on input line 905.
LaTeX Info: Redefining \pmod on input line 910.
LaTeX Info: Redefining \smash on input line 940.
LaTeX Info: Redefining \relbar on input line 970.
LaTeX Info: Redefining \Relbar on input line 971.
\c@MaxMatrixCols=\count313
\dotsspace@=\muskip16
\c@parentequation=\count314
\dspbrk@lvl=\count315
\tag@help=\toks22
\row@=\count316
\column@=\count317
\maxfields@=\count318
\andhelp@=\toks23
\eqnshift@=\dimen263
\alignsep@=\dimen264
\tagshift@=\dimen265
\tagwidth@=\dimen266
\totwidth@=\dimen267
\lineht@=\dimen268
\@envbody=\toks24
\multlinegap=\skip51
\multlinetaggap=\skip52
\mathdisplay@stack=\toks25
LaTeX Info: Redefining \[ on input line 2953.
LaTeX Info: Redefining \] on input line 2954.
)
(/usr/local/texlive/2022/texmf-dist/tex/latex/mathtools/mathtools.sty
Package: mathtools 2022/06/29 v1.29 mathematical typesetting tools

(/usr/local/texlive/2022/texmf-dist/tex/latex/tools/calc.sty
Package: calc 2017/05/25 v4.3 Infix arithmetic (KKT,FJ)
\calc@Acount=\count319
\calc@Bcount=\count320
\calc@Adimen=\dimen269
\calc@Bdimen=\dimen270
\calc@Askip=\skip53
\calc@Bskip=\skip54
LaTeX Info: Redefining \setlength on input line 80.
LaTeX Info: Redefining \addtolength on input line 81.
\calc@Ccount=\count321
\calc@Cskip=\skip55
)
(/usr/local/texlive/2022/texmf-dist/tex/latex/mathtools/mhsetup.sty
Package: mhsetup 2021/03/18 v1.4 programming setup (MH)
)
\g_MT_multlinerow_int=\count322
\l_MT_multwidth_dim=\dimen271
\origjot=\skip56
\l_MT_shortvdotswithinadjustabove_dim=\dimen272
\l_MT_shortvdotswithinadjustbelow_dim=\dimen273
\l_MT_above_intertext_sep=\dimen274
\l_MT_below_intertext_sep=\dimen275
\l_MT_above_shortintertext_sep=\dimen276
\l_MT_below_shortintertext_sep=\dimen277
\xmathstrut@box=\box82
\xmathstrut@dim=\dimen278
)
(/usr/local/texlive/2022/texmf-dist/tex/latex/unicode-math/unicode-math.sty
Package: unicode-math 2020/01/31 v0.8q Unicode maths in XeLaTeX and LuaLaTeX

(/usr/local/texlive/2022/texmf-dist/tex/latex/unicode-math/unicode-math-xetex.s
ty
Package: unicode-math-xetex 2020/01/31 v0.8q Unicode maths in XeLaTeX and LuaLa
TeX

(/usr/local/texlive/2022/texmf-dist/tex/latex/l3packages/l3keys2e/l3keys2e.sty
Package: l3keys2e 2022-06-22 LaTeX2e option processing using LaTeX3 keys
) (/usr/local/texlive/2022/texmf-dist/tex/latex/base/fix-cm.sty
Package: fix-cm 2020/11/24 v1.1t fixes to LaTeX

(/usr/local/texlive/2022/texmf-dist/tex/latex/base/ts1enc.def
File: ts1enc.def 2001/06/05 v3.0e (jk/car/fm) Standard LaTeX file
LaTeX Font Info:    Redeclaring font encoding TS1 on input line 47.
))
\g__um_fam_int=\count323
\g__um_fonts_used_int=\count324
\l__um_primecount_int=\count325
\g__um_primekern_muskip=\muskip17

(/usr/local/texlive/2022/texmf-dist/tex/latex/unicode-math/unicode-math-table.t
ex)))

Package fontspec Info: Font family 'EBGaramond(0)' created for font 'EB
(fontspec)             Garamond' with options [].
(fontspec)              
(fontspec)              This font family consists of the following NFSS
(fontspec)             series/shapes:
(fontspec)              
(fontspec)             - 'normal' (m/n) with NFSS spec.: <->"EB
(fontspec)             Garamond/OT:script=latn;language=dflt;"
(fontspec)             - 'small caps'  (m/sc) with NFSS spec.: <->"EB
(fontspec)             Garamond/OT:script=latn;language=dflt;+smcp;"
(fontspec)             - 'bold' (b/n) with NFSS spec.: <->"EB
(fontspec)             Garamond/B/OT:script=latn;language=dflt;"
(fontspec)             - 'bold small caps'  (b/sc) with NFSS spec.: <->"EB
(fontspec)             Garamond/B/OT:script=latn;language=dflt;+smcp;"
(fontspec)             - 'italic' (m/it) with NFSS spec.: <->"EB
(fontspec)             Garamond/I/OT:script=latn;language=dflt;"
(fontspec)             - 'italic small caps'  (m/scit) with NFSS spec.: <->"EB
(fontspec)             Garamond/I/OT:script=latn;language=dflt;+smcp;"
(fontspec)             - 'bold italic' (b/it) with NFSS spec.: <->"EB
(fontspec)             Garamond/BI/OT:script=latn;language=dflt;"
(fontspec)             - 'bold italic small caps'  (b/scit) with NFSS spec.:
(fontspec)             <->"EB Garamond/BI/OT:script=latn;language=dflt;+smcp;"


(/usr/local/texlive/2022/texmf-dist/tex/latex/newunicodechar/newunicodechar.sty
Package: newunicodechar 2018/04/08 v1.2 Defining Unicode characters
)

Package fontspec Info: Font family 'LibertinusSerif(0)' created for font
(fontspec)             'Libertinus Serif' with options [Ligatures=TeX].
(fontspec)              
(fontspec)              This font family consists of the following NFSS
(fontspec)             series/shapes:
(fontspec)              
(fontspec)             - 'normal' (m/n) with NFSS spec.: <->"Libertinus
(fontspec)             Serif/OT:script=latn;language=dflt;mapping=tex-text;"
(fontspec)             - 'small caps'  (m/sc) with NFSS spec.: <->"Libertinus
(fontspec)             Serif/OT:script=latn;language=dflt;+smcp;mapping=tex-tex
t;"
(fontspec)             - 'bold' (b/n) with NFSS spec.: <->"Libertinus
(fontspec)             Serif/B/OT:script=latn;language=dflt;mapping=tex-text;"
(fontspec)             - 'bold small caps'  (b/sc) with NFSS spec.:
(fontspec)             <->"Libertinus
(fontspec)             Serif/B/OT:script=latn;language=dflt;+smcp;mapping=tex-t
ext;"
(fontspec)             - 'italic' (m/it) with NFSS spec.: <->"Libertinus
(fontspec)             Serif/I/OT:script=latn;language=dflt;mapping=tex-text;"
(fontspec)             - 'italic small caps'  (m/scit) with NFSS spec.:
(fontspec)             <->"Libertinus
(fontspec)             Serif/I/OT:script=latn;language=dflt;+smcp;mapping=tex-t
ext;"
(fontspec)             - 'bold italic' (b/it) with NFSS spec.: <->"Libertinus
(fontspec)             Serif/BI/OT:script=latn;language=dflt;mapping=tex-text;"

(fontspec)             - 'bold italic small caps'  (b/scit) with NFSS spec.:
(fontspec)             <->"Libertinus
(fontspec)             Serif/BI/OT:script=latn;language=dflt;+smcp;mapping=tex-
text;"


Package fontspec Info: Font family 'LibertinusSerif(1)' created for font
(fontspec)             'Libertinus Serif' with options [].
(fontspec)              
(fontspec)              This font family consists of the following NFSS
(fontspec)             series/shapes:
(fontspec)              
(fontspec)             - 'normal' (m/n) with NFSS spec.: <->"Libertinus
(fontspec)             Serif/OT:script=latn;language=dflt;"
(fontspec)             - 'small caps'  (m/sc) with NFSS spec.: <->"Libertinus
(fontspec)             Serif/OT:script=latn;language=dflt;+smcp;"
(fontspec)             - 'bold' (b/n) with NFSS spec.: <->"Libertinus
(fontspec)             Serif/B/OT:script=latn;language=dflt;"
(fontspec)             - 'bold small caps'  (b/sc) with NFSS spec.:
(fontspec)             <->"Libertinus
(fontspec)             Serif/B/OT:script=latn;language=dflt;+smcp;"
(fontspec)             - 'italic' (m/it) with NFSS spec.: <->"Libertinus
(fontspec)             Serif/I/OT:script=latn;language=dflt;"
(fontspec)             - 'italic small caps'  (m/scit) with NFSS spec.:
(fontspec)             <->"Libertinus
(fontspec)             Serif/I/OT:script=latn;language=dflt;+smcp;"
(fontspec)             - 'bold italic' (b/it) with NFSS spec.: <->"Libertinus
(fontspec)             Serif/BI/OT:script=latn;language=dflt;"
(fontspec)             - 'bold italic small caps'  (b/scit) with NFSS spec.:
(fontspec)             <->"Libertinus
(fontspec)             Serif/BI/OT:script=latn;language=dflt;+smcp;"

LaTeX Font Info:    Overwriting math alphabet `\mathrm' in version `normal'
(Font)                  OT1/cmr/m/n --> TU/LibertinusSerif(1)/m/n on input line
 46.
LaTeX Font Info:    Overwriting math alphabet `\mathit' in version `normal'
(Font)                  OT1/cmr/m/it --> TU/LibertinusSerif(1)/m/it on input li
ne 46.
LaTeX Font Info:    Overwriting math alphabet `\mathbf' in version `normal'
(Font)                  OT1/cmr/bx/n --> TU/LibertinusSerif(1)/b/n on input lin
e 46.

Package fontspec Info: Libertinus Sans scale = 0.9999976810411199.


Package fontspec Info: Libertinus Sans scale = 0.9999976810411199.


Package fontspec Info: Libertinus Sans scale = 0.9999976810411199.


Package fontspec Info: Libertinus Sans/B scale = 1.02015339193959.


Package fontspec Info: Libertinus Sans/B scale = 1.02015339193959.


Package fontspec Info: Libertinus Sans/I scale = 0.9999976810411199.


Package fontspec Info: Libertinus Sans/I scale = 0.9999976810411199.


Package fontspec Info: Libertinus Sans/BI scale = 0.9999976810411199.


Package fontspec Info: Libertinus Sans/BI scale = 0.9999976810411199.


Package fontspec Info: Font family 'LibertinusSans(0)' created for font
(fontspec)             'Libertinus Sans' with options
(fontspec)             [Ligatures=TeX,Scale=MatchUppercase].
(fontspec)              
(fontspec)              This font family consists of the following NFSS
(fontspec)             series/shapes:
(fontspec)              
(fontspec)             - 'normal' (m/n) with NFSS spec.:
(fontspec)             <->s*[0.9999976810411199]"Libertinus
(fontspec)             Sans/OT:script=latn;language=dflt;mapping=tex-text;"
(fontspec)             - 'small caps'  (m/sc) with NFSS spec.:
(fontspec)             <->s*[0.9999976810411199]"Libertinus
(fontspec)             Sans/OT:script=latn;language=dflt;+smcp;mapping=tex-text
;"
(fontspec)             - 'bold' (b/n) with NFSS spec.:
(fontspec)             <->s*[1.02015339193959]"Libertinus
(fontspec)             Sans/B/OT:script=latn;language=dflt;mapping=tex-text;"
(fontspec)             - 'bold small caps'  (b/sc) with NFSS spec.:
(fontspec)             <->s*[1.02015339193959]"Libertinus
(fontspec)             Sans/B/OT:script=latn;language=dflt;+smcp;mapping=tex-te
xt;"
(fontspec)             - 'italic' (m/it) with NFSS spec.:
(fontspec)             <->s*[0.9999976810411199]"Libertinus
(fontspec)             Sans/I/OT:script=latn;language=dflt;mapping=tex-text;"
(fontspec)             - 'italic small caps'  (m/scit) with NFSS spec.:
(fontspec)             <->s*[0.9999976810411199]"Libertinus
(fontspec)             Sans/I/OT:script=latn;language=dflt;+smcp;mapping=tex-te
xt;"
(fontspec)             - 'bold italic' (b/it) with NFSS spec.:
(fontspec)             <->s*[0.9999976810411199]"Libertinus
(fontspec)             Sans/BI/OT:script=latn;language=dflt;mapping=tex-text;"
(fontspec)             - 'bold italic small caps'  (b/scit) with NFSS spec.:
(fontspec)             <->s*[0.9999976810411199]"Libertinus
(fontspec)             Sans/BI/OT:script=latn;language=dflt;+smcp;mapping=tex-t
ext;"


Package fontspec Info: Libertinus Sans scale = 0.9999976810411199.


Package fontspec Info: Libertinus Sans scale = 0.9999976810411199.


Package fontspec Info: Libertinus Sans scale = 0.9999976810411199.


Package fontspec Info: Libertinus Sans/B scale = 1.02015339193959.


Package fontspec Info: Libertinus Sans/B scale = 1.02015339193959.


Package fontspec Info: Libertinus Sans/I scale = 0.9999976810411199.


Package fontspec Info: Libertinus Sans/I scale = 0.9999976810411199.


Package fontspec Info: Libertinus Sans/BI scale = 0.9999976810411199.


Package fontspec Info: Libertinus Sans/BI scale = 0.9999976810411199.


Package fontspec Info: Font family 'LibertinusSans(1)' created for font
(fontspec)             'Libertinus Sans' with options [Scale=MatchUppercase].
(fontspec)              
(fontspec)              This font family consists of the following NFSS
(fontspec)             series/shapes:
(fontspec)              
(fontspec)             - 'normal' (m/n) with NFSS spec.:
(fontspec)             <->s*[0.9999976810411199]"Libertinus
(fontspec)             Sans/OT:script=latn;language=dflt;"
(fontspec)             - 'small caps'  (m/sc) with NFSS spec.:
(fontspec)             <->s*[0.9999976810411199]"Libertinus
(fontspec)             Sans/OT:script=latn;language=dflt;+smcp;"
(fontspec)             - 'bold' (b/n) with NFSS spec.:
(fontspec)             <->s*[1.02015339193959]"Libertinus
(fontspec)             Sans/B/OT:script=latn;language=dflt;"
(fontspec)             - 'bold small caps'  (b/sc) with NFSS spec.:
(fontspec)             <->s*[1.02015339193959]"Libertinus
(fontspec)             Sans/B/OT:script=latn;language=dflt;+smcp;"
(fontspec)             - 'italic' (m/it) with NFSS spec.:
(fontspec)             <->s*[0.9999976810411199]"Libertinus
(fontspec)             Sans/I/OT:script=latn;language=dflt;"
(fontspec)             - 'italic small caps'  (m/scit) with NFSS spec.:
(fontspec)             <->s*[0.9999976810411199]"Libertinus
(fontspec)             Sans/I/OT:script=latn;language=dflt;+smcp;"
(fontspec)             - 'bold italic' (b/it) with NFSS spec.:
(fontspec)             <->s*[0.9999976810411199]"Libertinus
(fontspec)             Sans/BI/OT:script=latn;language=dflt;"
(fontspec)             - 'bold italic small caps'  (b/scit) with NFSS spec.:
(fontspec)             <->s*[0.9999976810411199]"Libertinus
(fontspec)             Sans/BI/OT:script=latn;language=dflt;+smcp;"

LaTeX Font Info:    Overwriting math alphabet `\mathsf' in version `normal'
(Font)                  OT1/cmss/m/n --> TU/LibertinusSans(1)/m/n on input line
 46.
LaTeX Font Info:    Overwriting math alphabet `\mathsf' in version `bold'
(Font)                  OT1/cmss/bx/n --> TU/LibertinusSans(1)/b/n on input lin
e 46.

Package fontspec Info: JuliaMono scale = 0.7799966153325436.


Package fontspec Info: JuliaMono scale = 0.7799966153325436.


Package fontspec Info: JuliaMono scale = 0.7799966153325436.


Package fontspec Info: JuliaMono/B scale = 0.7799966153325436.


Package fontspec Info: JuliaMono/B scale = 0.7799966153325436.


Package fontspec Info: JuliaMono/I scale = 0.7799966153325436.


Package fontspec Info: JuliaMono/I scale = 0.7799966153325436.


Package fontspec Info: JuliaMono/BI scale = 0.7799966153325436.


Package fontspec Info: JuliaMono/BI scale = 0.7799966153325436.


Package fontspec Info: Font family 'JuliaMono(0)' created for font 'JuliaMono'
(fontspec)             with options
(fontspec)             [WordSpace={1,0,0},HyphenChar=None,PunctuationSpace=Word
Space,Scale=MatchLowercase].
(fontspec)              
(fontspec)              This font family consists of the following NFSS
(fontspec)             series/shapes:
(fontspec)              
(fontspec)             - 'normal' (m/n) with NFSS spec.:
(fontspec)             <->s*[0.7799966153325436]"JuliaMono/OT:script=latn;langu
age=dflt;"
(fontspec)             - 'small caps'  (m/sc) with NFSS spec.:
(fontspec)             <->s*[0.7799966153325436]"JuliaMono/OT:script=latn;langu
age=dflt;+smcp;"
(fontspec)             and font adjustment code:
(fontspec)             \fontdimen 2\font =1\fontdimen 2\font \fontdimen 3\font
(fontspec)             =0\fontdimen 3\font \fontdimen 4\font =0\fontdimen
(fontspec)             4\font \fontdimen 7\font =0\fontdimen 2\font
(fontspec)             \tex_hyphenchar:D \font =-1\scan_stop: 
(fontspec)             - 'bold' (b/n) with NFSS spec.:
(fontspec)             <->s*[0.7799966153325436]"JuliaMono/B/OT:script=latn;lan
guage=dflt;"
(fontspec)             - 'bold small caps'  (b/sc) with NFSS spec.:
(fontspec)             <->s*[0.7799966153325436]"JuliaMono/B/OT:script=latn;lan
guage=dflt;+smcp;"
(fontspec)             and font adjustment code:
(fontspec)             \fontdimen 2\font =1\fontdimen 2\font \fontdimen 3\font
(fontspec)             =0\fontdimen 3\font \fontdimen 4\font =0\fontdimen
(fontspec)             4\font \fontdimen 7\font =0\fontdimen 2\font
(fontspec)             \tex_hyphenchar:D \font =-1\scan_stop: 
(fontspec)             - 'italic' (m/it) with NFSS spec.:
(fontspec)             <->s*[0.7799966153325436]"JuliaMono/I/OT:script=latn;lan
guage=dflt;"
(fontspec)             - 'italic small caps'  (m/scit) with NFSS spec.:
(fontspec)             <->s*[0.7799966153325436]"JuliaMono/I/OT:script=latn;lan
guage=dflt;+smcp;"
(fontspec)             and font adjustment code:
(fontspec)             \fontdimen 2\font =1\fontdimen 2\font \fontdimen 3\font
(fontspec)             =0\fontdimen 3\font \fontdimen 4\font =0\fontdimen
(fontspec)             4\font \fontdimen 7\font =0\fontdimen 2\font
(fontspec)             \tex_hyphenchar:D \font =-1\scan_stop: 
(fontspec)             - 'bold italic' (b/it) with NFSS spec.:
(fontspec)             <->s*[0.7799966153325436]"JuliaMono/BI/OT:script=latn;la
nguage=dflt;"
(fontspec)             - 'bold italic small caps'  (b/scit) with NFSS spec.:
(fontspec)             <->s*[0.7799966153325436]"JuliaMono/BI/OT:script=latn;la
nguage=dflt;+smcp;"
(fontspec)             and font adjustment code:
(fontspec)             \fontdimen 2\font =1\fontdimen 2\font \fontdimen 3\font
(fontspec)             =0\fontdimen 3\font \fontdimen 4\font =0\fontdimen
(fontspec)             4\font \fontdimen 7\font =0\fontdimen 2\font
(fontspec)             \tex_hyphenchar:D \font =-1\scan_stop: 


Package fontspec Info: JuliaMono scale = 0.7799966153325436.


Package fontspec Info: JuliaMono scale = 0.7799966153325436.


Package fontspec Info: JuliaMono scale = 0.7799966153325436.


Package fontspec Info: JuliaMono/B scale = 0.7799966153325436.


Package fontspec Info: JuliaMono/B scale = 0.7799966153325436.


Package fontspec Info: JuliaMono/I scale = 0.7799966153325436.


Package fontspec Info: JuliaMono/I scale = 0.7799966153325436.


Package fontspec Info: JuliaMono/BI scale = 0.7799966153325436.


Package fontspec Info: JuliaMono/BI scale = 0.7799966153325436.


Package fontspec Info: Font family 'JuliaMono(1)' created for font 'JuliaMono'
(fontspec)             with options [Scale=MatchLowercase].
(fontspec)              
(fontspec)              This font family consists of the following NFSS
(fontspec)             series/shapes:
(fontspec)              
(fontspec)             - 'normal' (m/n) with NFSS spec.:
(fontspec)             <->s*[0.7799966153325436]"JuliaMono/OT:script=latn;langu
age=dflt;"
(fontspec)             - 'small caps'  (m/sc) with NFSS spec.:
(fontspec)             <->s*[0.7799966153325436]"JuliaMono/OT:script=latn;langu
age=dflt;+smcp;"
(fontspec)             - 'bold' (b/n) with NFSS spec.:
(fontspec)             <->s*[0.7799966153325436]"JuliaMono/B/OT:script=latn;lan
guage=dflt;"
(fontspec)             - 'bold small caps'  (b/sc) with NFSS spec.:
(fontspec)             <->s*[0.7799966153325436]"JuliaMono/B/OT:script=latn;lan
guage=dflt;+smcp;"
(fontspec)             - 'italic' (m/it) with NFSS spec.:
(fontspec)             <->s*[0.7799966153325436]"JuliaMono/I/OT:script=latn;lan
guage=dflt;"
(fontspec)             - 'italic small caps'  (m/scit) with NFSS spec.:
(fontspec)             <->s*[0.7799966153325436]"JuliaMono/I/OT:script=latn;lan
guage=dflt;+smcp;"
(fontspec)             - 'bold italic' (b/it) with NFSS spec.:
(fontspec)             <->s*[0.7799966153325436]"JuliaMono/BI/OT:script=latn;la
nguage=dflt;"
(fontspec)             - 'bold italic small caps'  (b/scit) with NFSS spec.:
(fontspec)             <->s*[0.7799966153325436]"JuliaMono/BI/OT:script=latn;la
nguage=dflt;+smcp;"

LaTeX Font Info:    Overwriting math alphabet `\mathtt' in version `normal'
(Font)                  OT1/cmtt/m/n --> TU/JuliaMono(1)/m/n on input line 47.
LaTeX Font Info:    Overwriting math alphabet `\mathtt' in version `bold'
(Font)                  OT1/cmtt/m/n --> TU/JuliaMono(1)/b/n on input line 47.

Package fontspec Info: Could not resolve font "Libertinus Math/B" (it probably
(fontspec)             doesn't exist).


Package fontspec Info: Font family 'LibertinusMath(0)' created for font
(fontspec)             'Libertinus Math' with options
(fontspec)             [BoldItalicFont={},ItalicFont={},SmallCapsFont={},Script
=Math].
(fontspec)              
(fontspec)              This font family consists of the following NFSS
(fontspec)             series/shapes:
(fontspec)              
(fontspec)             - 'normal' (m/n) with NFSS spec.: <->"Libertinus
(fontspec)             Math/OT:script=math;language=dflt;"
(fontspec)             - 'small caps'  (m/sc) with NFSS spec.: 


Package fontspec Info: Could not resolve font "Libertinus Math/B" (it probably
(fontspec)             doesn't exist).


Package fontspec Info: Font family 'LibertinusMath(1)' created for font
(fontspec)             'Libertinus Math' with options
(fontspec)             [BoldItalicFont={},ItalicFont={},SmallCapsFont={},Script
=Math,SizeFeatures={{Size=9-},{Size=7-9,Font=Libertinus
(fontspec)             Math,Style=MathScript},{Size=-7,Font=Libertinus
(fontspec)             Math,Style=MathScriptScript}}].
(fontspec)              
(fontspec)              This font family consists of the following NFSS
(fontspec)             series/shapes:
(fontspec)              
(fontspec)             - 'normal' (m/n) with NFSS spec.: <9->"Libertinus
(fontspec)             Math/OT:script=math;language=dflt;"<7-9>"Libertinus
(fontspec)             Math/OT:script=math;language=dflt;+ssty=0;"<-7>"Libertin
us
(fontspec)             Math/OT:script=math;language=dflt;+ssty=1;"
(fontspec)             - 'small caps'  (m/sc) with NFSS spec.: 

LaTeX Font Info:    Encoding `OT1' has changed to `TU' for symbol font
(Font)              `operators' in the math version `normal' on input line 50.
LaTeX Font Info:    Overwriting symbol font `operators' in version `normal'
(Font)                  OT1/cmr/m/n --> TU/LibertinusMath(1)/m/n on input line 
50.
LaTeX Font Info:    Encoding `OT1' has changed to `TU' for symbol font
(Font)              `operators' in the math version `bold' on input line 50.
LaTeX Font Info:    Overwriting symbol font `operators' in version `bold'
(Font)                  OT1/cmr/bx/n --> TU/LibertinusMath(1)/b/n on input line
 50.

Package fontspec Info: Libertinus Math scale = 1.0001.


Package fontspec Info: Could not resolve font "Libertinus Math/B" (it probably
(fontspec)             doesn't exist).


Package fontspec Info: Libertinus Math scale = 1.0001.


Package fontspec Info: Libertinus Math scale = 1.0001.


Package fontspec Info: Libertinus Math scale = 1.0001.


Package fontspec Info: Font family 'LibertinusMath(2)' created for font
(fontspec)             'Libertinus Math' with options
(fontspec)             [BoldItalicFont={},ItalicFont={},SmallCapsFont={},Script
=Math,SizeFeatures={{Size=9-},{Size=7-9,Font=Libertinus
(fontspec)             Math,Style=MathScript},{Size=-7,Font=Libertinus
(fontspec)             Math,Style=MathScriptScript}},ScaleAgain=1.0001,FontAdju
stment={\fontdimen
(fontspec)             8\font =5.8pt\relax \fontdimen 9\font =4.8pt\relax
(fontspec)             \fontdimen 10\font =4.7pt\relax \fontdimen 11\font
(fontspec)             =7.0pt\relax \fontdimen 12\font =4.8pt\relax \fontdimen
(fontspec)             13\font =3.75pt\relax \fontdimen 14\font =3.75pt\relax
(fontspec)             \fontdimen 15\font =3.1pt\relax \fontdimen 16\font
(fontspec)             =2.1pt\relax \fontdimen 17\font =2.1pt\relax \fontdimen
(fontspec)             18\font =2.3pt\relax \fontdimen 19\font =0.45pt\relax
(fontspec)             \fontdimen 22\font =2.6pt\relax \fontdimen 20\font
(fontspec)             =0pt\relax \fontdimen 21\font =0pt\relax }].
(fontspec)              
(fontspec)              This font family consists of the following NFSS
(fontspec)             series/shapes:
(fontspec)              
(fontspec)             - 'normal' (m/n) with NFSS spec.:
(fontspec)             <9->s*[1.0001]"Libertinus
(fontspec)             Math/OT:script=math;language=dflt;"<7-9>s*[1.0001]"Liber
tinus
(fontspec)             Math/OT:script=math;language=dflt;+ssty=0;"<-7>s*[1.0001
]"Libertinus
(fontspec)             Math/OT:script=math;language=dflt;+ssty=1;"
(fontspec)             - 'small caps'  (m/sc) with NFSS spec.: 
(fontspec)             and font adjustment code:
(fontspec)             \fontdimen 8\font =5.8pt\relax \fontdimen 9\font
(fontspec)             =4.8pt\relax \fontdimen 10\font =4.7pt\relax \fontdimen
(fontspec)             11\font =7.0pt\relax \fontdimen 12\font =4.8pt\relax
(fontspec)             \fontdimen 13\font =3.75pt\relax \fontdimen 14\font
(fontspec)             =3.75pt\relax \fontdimen 15\font =3.1pt\relax
(fontspec)             \fontdimen 16\font =2.1pt\relax \fontdimen 17\font
(fontspec)             =2.1pt\relax \fontdimen 18\font =2.3pt\relax \fontdimen
(fontspec)             19\font =0.45pt\relax \fontdimen 22\font =2.6pt\relax
(fontspec)             \fontdimen 20\font =0pt\relax \fontdimen 21\font
(fontspec)             =0pt\relax 

LaTeX Font Info:    Encoding `OMS' has changed to `TU' for symbol font
(Font)              `symbols' in the math version `normal' on input line 50.
LaTeX Font Info:    Overwriting symbol font `symbols' in version `normal'
(Font)                  OMS/cmsy/m/n --> TU/LibertinusMath(2)/m/n on input line
 50.
LaTeX Font Info:    Encoding `OMS' has changed to `TU' for symbol font
(Font)              `symbols' in the math version `bold' on input line 50.
LaTeX Font Info:    Overwriting symbol font `symbols' in version `bold'
(Font)                  OMS/cmsy/b/n --> TU/LibertinusMath(2)/b/n on input line
 50.

Package fontspec Info: Libertinus Math scale = 0.9999.


Package fontspec Info: Could not resolve font "Libertinus Math/B" (it probably
(fontspec)             doesn't exist).


Package fontspec Info: Libertinus Math scale = 0.9999.


Package fontspec Info: Libertinus Math scale = 0.9999.


Package fontspec Info: Libertinus Math scale = 0.9999.


Package fontspec Info: Font family 'LibertinusMath(3)' created for font
(fontspec)             'Libertinus Math' with options
(fontspec)             [BoldItalicFont={},ItalicFont={},SmallCapsFont={},Script
=Math,SizeFeatures={{Size=9-},{Size=7-9,Font=Libertinus
(fontspec)             Math,Style=MathScript},{Size=-7,Font=Libertinus
(fontspec)             Math,Style=MathScriptScript}},ScaleAgain=0.9999,FontAdju
stment={\fontdimen
(fontspec)             8\font =0.65pt\relax \fontdimen 9\font =1.5pt\relax
(fontspec)             \fontdimen 10\font =1.5pt\relax \fontdimen 11\font
(fontspec)             =2.5pt\relax \fontdimen 12\font =6.2pt\relax \fontdimen
(fontspec)             13\font =0pt\relax }].
(fontspec)              
(fontspec)              This font family consists of the following NFSS
(fontspec)             series/shapes:
(fontspec)              
(fontspec)             - 'normal' (m/n) with NFSS spec.:
(fontspec)             <9->s*[0.9999]"Libertinus
(fontspec)             Math/OT:script=math;language=dflt;"<7-9>s*[0.9999]"Liber
tinus
(fontspec)             Math/OT:script=math;language=dflt;+ssty=0;"<-7>s*[0.9999
]"Libertinus
(fontspec)             Math/OT:script=math;language=dflt;+ssty=1;"
(fontspec)             - 'small caps'  (m/sc) with NFSS spec.: 
(fontspec)             and font adjustment code:
(fontspec)             \fontdimen 8\font =0.65pt\relax \fontdimen 9\font
(fontspec)             =1.5pt\relax \fontdimen 10\font =1.5pt\relax \fontdimen
(fontspec)             11\font =2.5pt\relax \fontdimen 12\font =6.2pt\relax
(fontspec)             \fontdimen 13\font =0pt\relax 

LaTeX Font Info:    Encoding `OMX' has changed to `TU' for symbol font
(Font)              `largesymbols' in the math version `normal' on input line 5
0.
LaTeX Font Info:    Overwriting symbol font `largesymbols' in version `normal'
(Font)                  OMX/cmex/m/n --> TU/LibertinusMath(3)/m/n on input line
 50.
LaTeX Font Info:    Encoding `OMX' has changed to `TU' for symbol font
(Font)              `largesymbols' in the math version `bold' on input line 50.

LaTeX Font Info:    Overwriting symbol font `largesymbols' in version `bold'
(Font)                  OMX/cmex/m/n --> TU/LibertinusMath(3)/b/n on input line
 50.

Package fontspec Info: Could not resolve font "TeX Gyre Pagella Math/B" (it
(fontspec)             probably doesn't exist).


Package fontspec Info: Font family 'TeXGyrePagellaMath(0)' created for font
(fontspec)             'TeX Gyre Pagella Math' with options
(fontspec)             [BoldItalicFont={},ItalicFont={},SmallCapsFont={},Script
=Math,SizeFeatures={{Size=9-},{Size=7-9,Font=TeX
(fontspec)             Gyre Pagella Math,Style=MathScript},{Size=-7,Font=TeX
(fontspec)             Gyre Pagella
(fontspec)             Math,Style=MathScriptScript}},Scale={1.1}].
(fontspec)              
(fontspec)              This font family consists of the following NFSS
(fontspec)             series/shapes:
(fontspec)              
(fontspec)             - 'normal' (m/n) with NFSS spec.: <9->s*[1.1]"TeX Gyre
(fontspec)             Pagella
(fontspec)             Math/OT:script=math;language=dflt;"<7-9>s*[1.1]"TeX
(fontspec)             Gyre Pagella
(fontspec)             Math/OT:script=math;language=dflt;+ssty=0;"<-7>s*[1.1]"T
eX
(fontspec)             Gyre Pagella
(fontspec)             Math/OT:script=math;language=dflt;+ssty=1;"
(fontspec)             - 'small caps'  (m/sc) with NFSS spec.: 

LaTeX Font Info:    Font shape `TU/TeXGyrePagellaMath(0)/m/n' will be
(Font)              scaled to size 11.00006pt on input line 50.
\sym__um_fam1=\mathgroup6
LaTeX Font Info:    Overwriting symbol font `__um_fam1' in version `normal'
(Font)                  TU/TeXGyrePagellaMath(0)/m/n --> TU/TeXGyrePagellaMath(
0)/m/n on input line 50.
LaTeX Font Info:    Overwriting symbol font `__um_fam1' in version `bold'
(Font)                  TU/TeXGyrePagellaMath(0)/m/n --> TU/TeXGyrePagellaMath(
0)/b/n on input line 50.

Package fontspec Info: Could not resolve font "Noto Serif CJK KR/I" (it
(fontspec)             probably doesn't exist).


Package fontspec Info: Font family 'NotoSerifCJKKR(0)' created for font 'Noto
(fontspec)             Serif CJK KR' with options
(fontspec)             [Ligatures=TeX,Scale={.885}].
(fontspec)              
(fontspec)              This font family consists of the following NFSS
(fontspec)             series/shapes:
(fontspec)              
(fontspec)             - 'normal' (m/n) with NFSS spec.: <->s*[.885]"Noto
(fontspec)             Serif CJK
(fontspec)             KR/OT:script=latn;language=dflt;mapping=tex-text;"
(fontspec)             - 'small caps'  (m/sc) with NFSS spec.: 
(fontspec)             - 'bold' (b/n) with NFSS spec.: <->s*[.885]"Noto Serif
(fontspec)             CJK
(fontspec)             KR/B/OT:script=latn;language=dflt;mapping=tex-text;"
(fontspec)             - 'bold small caps'  (b/sc) with NFSS spec.: 
(fontspec)             - 'bold italic' (b/it) with NFSS spec.:
(fontspec)             <->s*[.885]"Noto Serif CJK
(fontspec)             KR/BI/OT:script=latn;language=dflt;mapping=tex-text;"
(fontspec)             - 'bold italic small caps'  (b/scit) with NFSS spec.: 

LaTeX Font Info:    Font shape `TU/NotoSerifCJKKR(0)/m/n' will be
(Font)              scaled to size 8.84995pt on input line 52.

Package fontspec Info: D2Coding scale = 0.8155865630076583.


Package fontspec Info: Could not resolve font "D2Coding/I" (it probably
(fontspec)             doesn't exist).


Package fontspec Info: D2Coding scale = 0.8155865630076583.


Package fontspec Info: D2Coding/B scale = 0.8155865630076583.


Package fontspec Info: D2Coding/BI scale = 0.8155865630076583.


Package fontspec Info: Font family 'D2Coding(0)' created for font 'D2Coding'
(fontspec)             with options [Scale={MatchLowercase}].
(fontspec)              
(fontspec)              This font family consists of the following NFSS
(fontspec)             series/shapes:
(fontspec)              
(fontspec)             - 'normal' (m/n) with NFSS spec.:
(fontspec)             <->s*[0.8155865630076583]"D2Coding/OT:language=dflt;"
(fontspec)             - 'small caps'  (m/sc) with NFSS spec.: 
(fontspec)             - 'bold' (b/n) with NFSS spec.:
(fontspec)             <->s*[0.8155865630076583]"D2Coding/B/OT:language=dflt;"
(fontspec)             - 'bold small caps'  (b/sc) with NFSS spec.: 
(fontspec)             - 'bold italic' (b/it) with NFSS spec.:
(fontspec)             <->s*[0.8155865630076583]"D2Coding/BI/OT:language=dflt;"

(fontspec)             - 'bold italic small caps'  (b/scit) with NFSS spec.: 

 (/usr/local/texlive/2022/texmf-dist/tex/latex/ebproof/ebproof.sty
Package: ebproof 2021/01/28 v2.1.1 EB's proof trees
\l__ebproof_separation_dim=\dimen279
\l__ebproof_rule_margin_dim=\dimen280
\l__ebproof_rule_thickness_dim=\dimen281
\l__ebproof_rule_separation_dim=\dimen282
\l__ebproof_rule_dash_length_dim=\dimen283
\l__ebproof_rule_dash_space_dim=\dimen284
\l__ebproof_label_separation_dim=\dimen285
\l__ebproof_label_axis_dim=\dimen286
\g__ebproof_register_int=\count326
\l__ebproof_transit_dim=\dimen287
\g__ebproof_level_int=\count327
\g__ebproof_stack_box=\box83
\l__ebproof_1_box=\box84
\l__ebproof_2_box=\box85
\l__ebproof_3_box=\box86
\l__ebproof_4_box=\box87
)
(/usr/local/texlive/2022/texmf-dist/tex/latex/simplebnf/simplebnf.sty
Package: simplebnf 2022/05/08 v0.3.1 A simple package to format Backus–Naur for
m
)
(./main.aux)
\openout1 = `main.aux'.

LaTeX Font Info:    Checking defaults for OML/cmm/m/it on input line 93.
LaTeX Font Info:    ... okay on input line 93.
LaTeX Font Info:    Checking defaults for OMS/cmsy/m/n on input line 93.
LaTeX Font Info:    ... okay on input line 93.
LaTeX Font Info:    Checking defaults for OT1/cmr/m/n on input line 93.
LaTeX Font Info:    ... okay on input line 93.
LaTeX Font Info:    Checking defaults for T1/cmr/m/n on input line 93.
LaTeX Font Info:    ... okay on input line 93.
LaTeX Font Info:    Checking defaults for TS1/cmr/m/n on input line 93.
LaTeX Font Info:    ... okay on input line 93.
LaTeX Font Info:    Checking defaults for TU/lmr/m/n on input line 93.
LaTeX Font Info:    ... okay on input line 93.
LaTeX Font Info:    Checking defaults for OMX/cmex/m/n on input line 93.
LaTeX Font Info:    ... okay on input line 93.
LaTeX Font Info:    Checking defaults for U/cmr/m/n on input line 93.
LaTeX Font Info:    ... okay on input line 93.
LaTeX Font Info:    Font shape `TU/LibertinusSans(0)/m/n' will be
(Font)              scaled to size 10.0pt on input line 93.

Package fontspec Info: Font family 'UnDotum.ttf(0)' created for font
(fontspec)             'UnDotum.ttf' with options
(fontspec)             [Ligatures=TeX,BoldFont={UnDotumBold.ttf}].
(fontspec)              
(fontspec)              This font family consists of the following NFSS
(fontspec)             series/shapes:
(fontspec)              
(fontspec)             - 'normal' (m/n) with NFSS spec.:
(fontspec)             <->"[UnDotum.ttf]/OT:language=dflt;mapping=tex-text;"
(fontspec)             - 'small caps'  (m/sc) with NFSS spec.: 
(fontspec)             - 'bold' (b/n) with NFSS spec.:
(fontspec)             <->"[UnDotumBold.ttf]/OT:language=dflt;mapping=tex-text;
"
(fontspec)             - 'bold small caps'  (b/sc) with NFSS spec.: 

\c@lstlisting=\count328


Package unicode-math Warning: Using \overbracket and \underbracket from
(unicode-math)                `mathtools' package.
(unicode-math)                 
(unicode-math)                 Use \Uoverbracket and \Uunderbracket for
(unicode-math)                original `unicode-math' definition.


Package unicode-math Warning: I'm going to overwrite the following commands
(unicode-math)                from the `mathtools' package: 
(unicode-math)                 
(unicode-math)                     \dblcolon, \coloneqq, \Coloneqq, \eqqcolon.
(unicode-math)                
(unicode-math)                 
(unicode-math)                 Note that since I won't overwrite the other
(unicode-math)                colon-like commands, using them will lead to
(unicode-math)                inconsistencies.

LaTeX Font Info:    Font shape `TU/NotoSerifCJKKR(0)/m/n' will be
(Font)              scaled to size 15.2927pt on input line 94.
LaTeX Font Info:    Font shape `TU/NotoSerifCJKKR(0)/m/n' will be
(Font)              scaled to size 10.61993pt on input line 94.
LaTeX Font Info:    Font shape `TU/LibertinusMath(2)/m/n' will be
(Font)              scaled to size 12.00128pt on input line 94.
LaTeX Font Info:    Font shape `TU/LibertinusMath(2)/m/n' will be
(Font)              scaled to size 8.00085pt on input line 94.
LaTeX Font Info:    Font shape `TU/LibertinusMath(2)/m/n' will be
(Font)              scaled to size 6.00064pt on input line 94.
LaTeX Font Info:    Font shape `TU/LibertinusMath(3)/m/n' will be
(Font)              scaled to size 11.99872pt on input line 94.
LaTeX Font Info:    Font shape `TU/LibertinusMath(3)/m/n' will be
(Font)              scaled to size 7.99915pt on input line 94.
LaTeX Font Info:    Font shape `TU/LibertinusMath(3)/m/n' will be
(Font)              scaled to size 5.99936pt on input line 94.
LaTeX Font Info:    Trying to load font information for U+msa on input line 94.

(/usr/local/texlive/2022/texmf-dist/tex/latex/amsfonts/umsa.fd
File: umsa.fd 2013/01/14 v3.01 AMS symbols A
)
LaTeX Font Info:    Trying to load font information for U+msb on input line 94.


(/usr/local/texlive/2022/texmf-dist/tex/latex/amsfonts/umsb.fd
File: umsb.fd 2013/01/14 v3.01 AMS symbols B
)
LaTeX Font Info:    Font shape `TU/TeXGyrePagellaMath(0)/m/n' will be
(Font)              scaled to size 13.20007pt on input line 94.
LaTeX Font Info:    Font shape `TU/TeXGyrePagellaMath(0)/m/n' will be
(Font)              scaled to size 8.80005pt on input line 94.
LaTeX Font Info:    Font shape `TU/TeXGyrePagellaMath(0)/m/n' will be
(Font)              scaled to size 6.60004pt on input line 94.
LaTeX Font Info:    Font shape `TU/NotoSerifCJKKR(0)/m/n' will be
(Font)              scaled to size 12.74391pt on input line 96.
LaTeX Font Info:    Font shape `TU/NotoSerifCJKKR(0)/b/n' will be
(Font)              scaled to size 12.74391pt on input line 96.
LaTeX Font Info:    Font shape `TU/LibertinusMath(2)/m/n' will be
(Font)              scaled to size 10.00107pt on input line 97.
LaTeX Font Info:    Font shape `TU/LibertinusMath(3)/m/n' will be
(Font)              scaled to size 9.99893pt on input line 97.
> Step: init table outer spec.
> Step: parse table options.
> Step: split table.
> Step: init table inner spec.
> Step: parse table inner spec.
> Step: execute table commands.
> Step: calculate cell and line sizes.
LaTeX Font Info:    Font shape `TU/NotoSerifCJKKR(0)/m/n' will be
(Font)              scaled to size 7.07996pt on input line 111.
LaTeX Font Info:    Font shape `TU/NotoSerifCJKKR(0)/m/n' will be
(Font)              scaled to size 5.30997pt on input line 111.
LaTeX Font Info:    Font shape `TU/JuliaMono(1)/m/n' will be
(Font)              scaled to size 7.79999pt on input line 111.
LaTeX Font Info:    Font shape `TU/JuliaMono(1)/m/n' will be
(Font)              scaled to size 6.23999pt on input line 111.
LaTeX Font Info:    Font shape `TU/JuliaMono(1)/m/n' will be
(Font)              scaled to size 4.68pt on input line 111.


Package tabularray Warning: Table width is too small, need 120.53651pt more!

> Step: build the whole table.

Overfull \hbox (120.53651pt too wide) detected at line 112
[]
 []


LaTeX Font Warning: Font shape `TU/NotoSerifCJKKR(0)/m/it' undefined
(Font)              using `TU/NotoSerifCJKKR(0)/m/n' instead on input line 135.


LaTeX Font Info:    Font shape `TU/NotoSerifCJKKR(0)/m/it' will be
(Font)              scaled to size 8.84995pt on input line 135.
LaTeX Font Info:    Font shape `TU/JuliaMono(0)/m/n' will be
(Font)              scaled to size 7.79999pt on input line 135.
LaTeX Font Info:    Font shape `TU/D2Coding(0)/m/n' will be
(Font)              scaled to size 8.15582pt on input line 135.
LaTeX Font Info:    Font shape `TU/JuliaMono(0)/m/n' will be
(Font)              scaled to size 6.23999pt on input line 135.
LaTeX Font Info:    Font shape `TU/D2Coding(0)/m/n' will be
(Font)              scaled to size 6.52466pt on input line 135.
LaTeX Font Info:    Font shape `TU/JuliaMono(0)/m/n' will be
(Font)              scaled to size 4.68pt on input line 135.
LaTeX Font Info:    Font shape `TU/D2Coding(0)/m/n' will be
(Font)              scaled to size 4.8935pt on input line 135.
[1

]
LaTeX Font Info:    Font shape `TU/NotoSerifCJKKR(0)/b/n' will be
(Font)              scaled to size 10.61993pt on input line 143.
LaTeX Font Info:    Font shape `TU/JuliaMono(1)/m/n' will be
(Font)              scaled to size 9.35999pt on input line 143.
LaTeX Font Info:    Font shape `TU/NotoSerifCJKKR(0)/b/n' will be
(Font)              scaled to size 8.84995pt on input line 144.
 (/usr/local/texlive/2022/texmf-dist/tex/latex/listings/lstlang1.sty
File: lstlang1.sty 2020/03/24 1.8d listings language file
)
(/usr/local/texlive/2022/texmf-dist/tex/latex/listings/lstlang2.sty
File: lstlang2.sty 2020/03/24 1.8d listings language file
)
(/usr/local/texlive/2022/texmf-dist/tex/latex/listings/lstlang1.sty
File: lstlang1.sty 2020/03/24 1.8d listings language file
)
(/usr/local/texlive/2022/texmf-dist/tex/latex/listings/lstlang2.sty
File: lstlang2.sty 2020/03/24 1.8d listings language file
)
(/usr/local/texlive/2022/texmf-dist/tex/latex/listings/lstmisc.sty
File: lstmisc.sty 2020/03/24 1.8d (Carsten Heinz)
)
LaTeX Font Info:    Font shape `TU/JuliaMono(0)/b/n' will be
(Font)              scaled to size 7.79999pt on input line 147.
LaTeX Font Info:    Font shape `TU/D2Coding(0)/b/n' will be
(Font)              scaled to size 8.15582pt on input line 147.
 [2]
LaTeX Font Info:    Font shape `TU/LibertinusMath(2)/m/n' will be
(Font)              scaled to size 14.40152pt on input line 227.
LaTeX Font Info:    Font shape `TU/LibertinusMath(2)/m/n' will be
(Font)              scaled to size 7.00075pt on input line 227.
LaTeX Font Info:    Font shape `TU/LibertinusMath(3)/m/n' will be
(Font)              scaled to size 14.39845pt on input line 227.
LaTeX Font Info:    Font shape `TU/LibertinusMath(3)/m/n' will be
(Font)              scaled to size 6.99925pt on input line 227.
LaTeX Font Info:    Font shape `TU/JuliaMono(1)/m/n' will be
(Font)              scaled to size 11.23196pt on input line 227.
LaTeX Font Info:    Font shape `TU/JuliaMono(1)/m/n' will be
(Font)              scaled to size 5.45999pt on input line 227.
LaTeX Font Info:    Font shape `TU/TeXGyrePagellaMath(0)/m/n' will be
(Font)              scaled to size 15.84007pt on input line 227.
LaTeX Font Info:    Font shape `TU/TeXGyrePagellaMath(0)/m/n' will be
(Font)              scaled to size 7.70004pt on input line 227.


./main.tex:250: LaTeX3 Error: Unknown message 'Couldnotparser' for module 'simp
lebnf'.

For immediate help type H <return>.
 ...                                              
                                                  
l.250 \end
          {bnfgrammar}

This is a coding error.

LaTeX was asked to display a message called 'Couldnotparser'
by the module 'simplebnf': this message does not exist.

Try typing <return> to proceed.
If that doesn't work, type X <return> to quit.


LaTeX Font Info:    Font shape `TU/LibertinusSans(1)/m/n' will be
(Font)              scaled to size 10.0pt on input line 250.
LaTeX Font Info:    Font shape `TU/LibertinusSans(1)/m/n' will be
(Font)              scaled to size 8.0pt on input line 250.
LaTeX Font Info:    Font shape `TU/LibertinusSans(1)/m/n' will be
(Font)              scaled to size 6.0pt on input line 250.

Overfull \hbox (32.41177pt too wide) in paragraph at lines 250--250
 [] 
 []


./main.tex:265: LaTeX3 Error: Unknown message 'Couldnotparser' for module 'simp
lebnf'.

For immediate help type H <return>.
 ...                                              
                                                  
l.265   \end
            {bnfgrammar}

This is a coding error.

LaTeX was asked to display a message called 'Couldnotparser'
by the module 'simplebnf': this message does not exist.

Try typing <return> to proceed.
If that doesn't work, type X <return> to quit.


LaTeX Font Info:    Font shape `TU/LibertinusSans(1)/m/n' will be
(Font)              scaled to size 12.0pt on input line 274.
[3]
Overfull \hbox (16.21121pt too wide) in paragraph at lines 314--315
[]\TU/LibertinusSerif(0)/m/n/10 If $[][] [] [][][][][][] [] [][] [][][]$ is in 
$[]$, add $[][][][] [] [][][][][][] [][] [][] [][][][] [][][][]$
 []


Overfull \hbox (16.93121pt too wide) in paragraph at lines 325--326
[]\TU/LibertinusSerif(0)/m/n/10 If $[][] [] [][][][][][] [] [][] [][][]$ is in 
$[]$, add $[][][][] [] [][][][][][] [][] [][] [][][][] [][][][]$
 []

[4]
Overfull \hbox (87.8692pt too wide) detected at line 354
[][][][] [][] [] []
 []

LaTeX Font Info:    Font shape `TU/JuliaMono(0)/b/n' will be
(Font)              scaled to size 9.35999pt on input line 361.
LaTeX Font Info:    Font shape `TU/D2Coding(0)/b/n' will be
(Font)              scaled to size 9.78699pt on input line 361.
[5] [6] (./main.aux)

LaTeX Font Warning: Some font shapes were not available, defaults substituted.

 ) 
Here is how much of TeX's memory you used:
 16818 strings out of 475856
 323378 string characters out of 5801792
 956414 words of memory out of 5000000
 37608 multiletter control sequences out of 15000+600000
 478828 words of font info for 196 fonts, out of 8000000 for 9000
 1348 hyphenation exceptions out of 8191
 101i,14n,121p,446b,2941s stack positions out of 10000i,1000n,20000p,200000b,200000s

Output written on main.pdf (6 pages).
